Arguments: 
  C:\Program Files\nodejs\node.exe C:\Users\astie 086\AppData\Roaming\npm\node_modules\yarn\bin\yarn.js start

PATH: 
  C:\Ruby24-x64\bin;C:\Program Files (x86)\Intel\iCLS Client\;C:\Program Files\Intel\iCLS Client\;C:\WINDOWS\system32;C:\WINDOWS;C:\WINDOWS\System32\Wbem;C:\WINDOWS\System32\WindowsPowerShell\v1.0\;C:\Program Files\Git\cmd;C:\Program Files (x86)\Intel\Intel(R) Management Engine Components\DAL;C:\Program Files\Intel\Intel(R) Management Engine Components\DAL;C:\Program Files (x86)\Intel\Intel(R) Management Engine Components\IPT;C:\Program Files\Intel\Intel(R) Management Engine Components\IPT;C:\Program Files\Intel\WiFi\bin\;C:\Program Files\Common Files\Intel\WirelessCommon\;C:\Program Files\nodejs\;C:\WINDOWS\System32\OpenSSH\;C:\Program Files\Microsoft VS Code\bin;C:\Users\astie 086\AppData\Local\Microsoft\WindowsApps;C:\Program Files\Microsoft VS Code\bin;C:\Program Files\Heroku\bin;C:\Users\astie 086\AppData\Roaming\npm;C:\\Program Files\\MongoDB\\Server\\3.6\\bin;

Yarn version: 
  1.5.1

Node version: 
  8.10.0

Platform: 
  win32 x64

npm manifest: 
  {
    "name": "kendra-portfolio",
    "version": "1.0.0",
    "description": "",
    "main": "index.js",
    "scripts": {
      "test": "echo \"Error: no test specified\" && exit 1"
    },
    "repository": {
      "type": "git",
      "url": "git+https://github.com/astie086/kendra-portfolio.git"
    },
    "author": "",
    "license": "ISC",
    "bugs": {
      "url": "https://github.com/astie086/kendra-portfolio/issues"
    },
    "homepage": "https://github.com/astie086/kendra-portfolio#readme",
    "dependencies": {
      "@fortawesome/fontawesome-free": "^5.3.1",
      "bootstrap": "^4.1.3",
      "jquery": "^3.3.1",
      "popper.js": "^1.14.4"
    }
  }

yarn manifest: 
  No manifest

Lockfile: 
  No lockfile

Trace: 
  Error: Command "start" not found.
      at new MessageError (C:\Users\astie 086\AppData\Roaming\npm\node_modules\yarn\lib\cli.js:186:110)
      at C:\Users\astie 086\AppData\Roaming\npm\node_modules\yarn\lib\cli.js:87307:17
      at Generator.next (<anonymous>)
      at step (C:\Users\astie 086\AppData\Roaming\npm\node_modules\yarn\lib\cli.js:98:30)
      at C:\Users\astie 086\AppData\Roaming\npm\node_modules\yarn\lib\cli.js:116:14
      at new Promise (<anonymous>)
      at new F (C:\Users\astie 086\AppData\Roaming\npm\node_modules\yarn\lib\cli.js:23451:28)
      at C:\Users\astie 086\AppData\Roaming\npm\node_modules\yarn\lib\cli.js:95:12
      at runCommand (C:\Users\astie 086\AppData\Roaming\npm\node_modules\yarn\lib\cli.js:87312:22)
      at Object.<anonymous> (C:\Users\astie 086\AppData\Roaming\npm\node_modules\yarn\lib\cli.js:87412:14)
